<?xml version="1.0" encoding="UTF-8"?>
<!-- Generated by org.testng.reporters.JUnitReportReporter -->
<testsuite skipped="0" hostname="User-PC" name="com.ebay.runner.CukeRunner" tests="1" failures="0" timestamp="15 Aug 2021 13:22:52 GMT" time="20.414" errors="0">
  <testcase name="feature" time="20.414" classname="com.ebay.runner.CukeRunner"/>
</testsuite> <!-- com.ebay.runner.CukeRunner -->
