<?xml version="1.0" encoding="UTF-8"?>
<!-- Generated by org.testng.reporters.JUnitReportReporter -->
<testsuite skipped="0" hostname="User-PC" name="com.ebay.runner.CukeRunner" tests="1" failures="0" timestamp="29 Aug 2022 07:54:58 GMT" time="15.767" errors="0">
  <testcase name="feature" time="15.767" classname="com.ebay.runner.CukeRunner"/>
</testsuite> <!-- com.ebay.runner.CukeRunner -->
